<?xml version="1.0" encoding="UTF-8"?>
<testsuite xmlns:xsi="http://www.w3.org/2001/XMLSchema-instance" xsi:noNamespaceSchemaLocation="https://maven.apache.org/surefire/maven-surefire-plugin/xsd/surefire-test-report.xsd" name="io.netty.util.internal.DefaultPriorityQueueTest" time="0" tests="7" errors="0" skipped="0" failures="0">
  <properties>
[...]
</properties>
  <testcase name="testPriorityChange" classname="io.netty.util.internal.DefaultPriorityQueueTest" time="0"/>
  <testcase name="testClearIgnoringIndexes" classname="io.netty.util.internal.DefaultPriorityQueueTest" time="0"/>
  <testcase name="testClear" classname="io.netty.util.internal.DefaultPriorityQueueTest" time="0"/>
  <testcase name="testPoll" classname="io.netty.util.internal.DefaultPriorityQueueTest" time="0"/>
  <testcase name="testZeroInitialSize" classname="io.netty.util.internal.DefaultPriorityQueueTest" time="0"/>
  <testcase name="testRemoval" classname="io.netty.util.internal.DefaultPriorityQueueTest" time="0"/>
  <testcase name="testRemovalTyped" classname="io.netty.util.internal.DefaultPriorityQueueTest" time="0"/>
</testsuite>